Command line invocation:
    /Applications/Xcode.app/Contents/Developer/usr/bin/xcodebuild -scheme want -workspace want.xcodeproj/project.xcworkspace -sdk iphonesimulator -destination "platform=iOS Simulator,name=iPhone 16" clean build

Build settings from command line:
    SDKROOT = iphonesimulator18.5

ComputePackagePrebuildTargetDependencyGraph

CreateBuildRequest

SendProjectDescription

CreateBuildOperation

** CLEAN SUCCEEDED **

ComputePackagePrebuildTargetDependencyGraph

Prepare packages

CreateBuildRequest

SendProjectDescription

CreateBuildOperation

ComputeTargetDependencyGraph
note: Building targets in dependency order
note: Target dependency graph (1 target)
    Target 'want' in project 'want' (no dependencies)

GatherProvisioningInputs

CreateBuildDescription

ExecuteExternalTool /Applications/Xcode.app/Contents/Developer/Toolchains/XcodeDefault.xctoolchain/usr/bin/clang -v -E -dM -isysroot /Applications/Xcode.app/Contents/Developer/Platforms/iPhoneSimulator.platform/Developer/SDKs/iPhoneSimulator18.5.sdk -x c -c /dev/null

ExecuteExternalTool /Applications/Xcode.app/Contents/Developer/usr/bin/actool --print-asset-tag-combinations --output-format xml1 /Users/igasakigouta/Desktop/完成APP/2025.0614/want/want/Assets.xcassets

ExecuteExternalTool /Applications/Xcode.app/Contents/Developer/usr/bin/actool --version --output-format xml1

ExecuteExternalTool /Applications/Xcode.app/Contents/Developer/Toolchains/XcodeDefault.xctoolchain/usr/bin/swiftc --version

ExecuteExternalTool /Applications/Xcode.app/Contents/Developer/Toolchains/XcodeDefault.xctoolchain/usr/bin/ld -version_details

Build description signature: 7dd68ab9d8ef22e9218b8ef6ade896b7
Build description path: /Users/igasakigouta/Library/Developer/Xcode/DerivedData/want-cjidcarkaxmsmqetnxxpwxgoazpn/Build/Intermediates.noindex/XCBuildData/7dd68ab9d8ef22e9218b8ef6ade896b7.xcbuilddata
ClangStatCache /Applications/Xcode.app/Contents/Developer/Toolchains/XcodeDefault.xctoolchain/usr/bin/clang-stat-cache /Applications/Xcode.app/Contents/Developer/Platforms/iPhoneSimulator.platform/Developer/SDKs/iPhoneSimulator18.5.sdk /Users/igasakigouta/Library/Developer/Xcode/DerivedData/SDKStatCaches.noindex/iphonesimulator18.5-22F76-d5fc8ad4295d2ef488fb7d0f804ce0c4.sdkstatcache
    cd /Users/igasakigouta/Desktop/完成APP/2025.0614/want/want.xcodeproj
    /Applications/Xcode.app/Contents/Developer/Toolchains/XcodeDefault.xctoolchain/usr/bin/clang-stat-cache /Applications/Xcode.app/Contents/Developer/Platforms/iPhoneSimulator.platform/Developer/SDKs/iPhoneSimulator18.5.sdk -o /Users/igasakigouta/Library/Developer/Xcode/DerivedData/SDKStatCaches.noindex/iphonesimulator18.5-22F76-d5fc8ad4295d2ef488fb7d0f804ce0c4.sdkstatcache

CreateBuildDirectory /Users/igasakigouta/Library/Developer/Xcode/DerivedData/want-cjidcarkaxmsmqetnxxpwxgoazpn/Build/Products
    cd /Users/igasakigouta/Desktop/完成APP/2025.0614/want/want.xcodeproj
    builtin-create-build-directory /Users/igasakigouta/Library/Developer/Xcode/DerivedData/want-cjidcarkaxmsmqetnxxpwxgoazpn/Build/Products

CreateBuildDirectory /Users/igasakigouta/Library/Developer/Xcode/DerivedData/want-cjidcarkaxmsmqetnxxpwxgoazpn/Build/Intermediates.noindex
    cd /Users/igasakigouta/Desktop/完成APP/2025.0614/want/want.xcodeproj
    builtin-create-build-directory /Users/igasakigouta/Library/Developer/Xcode/DerivedData/want-cjidcarkaxmsmqetnxxpwxgoazpn/Build/Intermediates.noindex

CreateBuildDirectory /Users/igasakigouta/Library/Developer/Xcode/DerivedData/want-cjidcarkaxmsmqetnxxpwxgoazpn/Build/Products/Debug-iphonesimulator
    cd /Users/igasakigouta/Desktop/完成APP/2025.0614/want/want.xcodeproj
    builtin-create-build-directory /Users/igasakigouta/Library/Developer/Xcode/DerivedData/want-cjidcarkaxmsmqetnxxpwxgoazpn/Build/Products/Debug-iphonesimulator

WriteAuxiliaryFile /Users/igasakigouta/Library/Developer/Xcode/DerivedData/want-cjidcarkaxmsmqetnxxpwxgoazpn/Build/Intermediates.noindex/want.build/Debug-iphonesimulator/want-5045727a9cb23107561bcbf858b7b889-VFS-iphonesimulator/all-product-headers.yaml
    cd /Users/igasakigouta/Desktop/完成APP/2025.0614/want/want.xcodeproj
    write-file /Users/igasakigouta/Library/Developer/Xcode/DerivedData/want-cjidcarkaxmsmqetnxxpwxgoazpn/Build/Intermediates.noindex/want.build/Debug-iphonesimulator/want-5045727a9cb23107561bcbf858b7b889-VFS-iphonesimulator/all-product-headers.yaml

CreateBuildDirectory /Users/igasakigouta/Library/Developer/Xcode/DerivedData/want-cjidcarkaxmsmqetnxxpwxgoazpn/Build/Intermediates.noindex/EagerLinkingTBDs/Debug-iphonesimulator
    cd /Users/igasakigouta/Desktop/完成APP/2025.0614/want/want.xcodeproj
    builtin-create-build-directory /Users/igasakigouta/Library/Developer/Xcode/DerivedData/want-cjidcarkaxmsmqetnxxpwxgoazpn/Build/Intermediates.noindex/EagerLinkingTBDs/Debug-iphonesimulator

WriteAuxiliaryFile /Users/igasakigouta/Library/Developer/Xcode/DerivedData/want-cjidcarkaxmsmqetnxxpwxgoazpn/Build/Intermediates.noindex/want.build/Debug-iphonesimulator/want.build/want-all-non-framework-target-headers.hmap (in target 'want' from project 'want')
    cd /Users/igasakigouta/Desktop/完成APP/2025.0614/want
    write-file /Users/igasakigouta/Library/Developer/Xcode/DerivedData/want-cjidcarkaxmsmqetnxxpwxgoazpn/Build/Intermediates.noindex/want.build/Debug-iphonesimulator/want.build/want-all-non-framework-target-headers.hmap

WriteAuxiliaryFile /Users/igasakigouta/Library/Developer/Xcode/DerivedData/want-cjidcarkaxmsmqetnxxpwxgoazpn/Build/Intermediates.noindex/want.build/Debug-iphonesimulator/want.build/want.DependencyMetadataFileList (in target 'want' from project 'want')
    cd /Users/igasakigouta/Desktop/完成APP/2025.0614/want
    write-file /Users/igasakigouta/Library/Developer/Xcode/DerivedData/want-cjidcarkaxmsmqetnxxpwxgoazpn/Build/Intermediates.noindex/want.build/Debug-iphonesimulator/want.build/want.DependencyMetadataFileList

WriteAuxiliaryFile /Users/igasakigouta/Library/Developer/Xcode/DerivedData/want-cjidcarkaxmsmqetnxxpwxgoazpn/Build/Intermediates.noindex/want.build/Debug-iphonesimulator/want.build/want-own-target-headers.hmap (in target 'want' from project 'want')
    cd /Users/igasakigouta/Desktop/完成APP/2025.0614/want
    write-file /Users/igasakigouta/Library/Developer/Xcode/DerivedData/want-cjidcarkaxmsmqetnxxpwxgoazpn/Build/Intermediates.noindex/want.build/Debug-iphonesimulator/want.build/want-own-target-headers.hmap

WriteAuxiliaryFile /Users/igasakigouta/Library/Developer/Xcode/DerivedData/want-cjidcarkaxmsmqetnxxpwxgoazpn/Build/Intermediates.noindex/want.build/Debug-iphonesimulator/want.build/want.DependencyStaticMetadataFileList (in target 'want' from project 'want')
    cd /Users/igasakigouta/Desktop/完成APP/2025.0614/want
    write-file /Users/igasakigouta/Library/Developer/Xcode/DerivedData/want-cjidcarkaxmsmqetnxxpwxgoazpn/Build/Intermediates.noindex/want.build/Debug-iphonesimulator/want.build/want.DependencyStaticMetadataFileList

WriteAuxiliaryFile /Users/igasakigouta/Library/Developer/Xcode/DerivedData/want-cjidcarkaxmsmqetnxxpwxgoazpn/Build/Intermediates.noindex/want.build/Debug-iphonesimulator/want.build/want-generated-files.hmap (in target 'want' from project 'want')
    cd /Users/igasakigouta/Desktop/完成APP/2025.0614/want
    write-file /Users/igasakigouta/Library/Developer/Xcode/DerivedData/want-cjidcarkaxmsmqetnxxpwxgoazpn/Build/Intermediates.noindex/want.build/Debug-iphonesimulator/want.build/want-generated-files.hmap

WriteAuxiliaryFile /Users/igasakigouta/Library/Developer/Xcode/DerivedData/want-cjidcarkaxmsmqetnxxpwxgoazpn/Build/Intermediates.noindex/want.build/Debug-iphonesimulator/want.build/want.hmap (in target 'want' from project 'want')
    cd /Users/igasakigouta/Desktop/完成APP/2025.0614/want
    write-file /Users/igasakigouta/Library/Developer/Xcode/DerivedData/want-cjidcarkaxmsmqetnxxpwxgoazpn/Build/Intermediates.noindex/want.build/Debug-iphonesimulator/want.build/want.hmap

WriteAuxiliaryFile /Users/igasakigouta/Library/Developer/Xcode/DerivedData/want-cjidcarkaxmsmqetnxxpwxgoazpn/Build/Intermediates.noindex/want.build/Debug-iphonesimulator/want.build/want-DebugDylibPath-normal-arm64.txt (in target 'want' from project 'want')
    cd /Users/igasakigouta/Desktop/完成APP/2025.0614/want
    write-file /Users/igasakigouta/Library/Developer/Xcode/DerivedData/want-cjidcarkaxmsmqetnxxpwxgoazpn/Build/Intermediates.noindex/want.build/Debug-iphonesimulator/want.build/want-DebugDylibPath-normal-arm64.txt

WriteAuxiliaryFile /Users/igasakigouta/Library/Developer/Xcode/DerivedData/want-cjidcarkaxmsmqetnxxpwxgoazpn/Build/Intermediates.noindex/want.build/Debug-iphonesimulator/want.build/want-all-target-headers.hmap (in target 'want' from project 'want')
    cd /Users/igasakigouta/Desktop/完成APP/2025.0614/want
    write-file /Users/igasakigouta/Library/Developer/Xcode/DerivedData/want-cjidcarkaxmsmqetnxxpwxgoazpn/Build/Intermediates.noindex/want.build/Debug-iphonesimulator/want.build/want-all-target-headers.hmap

WriteAuxiliaryFile /Users/igasakigouta/Library/Developer/Xcode/DerivedData/want-cjidcarkaxmsmqetnxxpwxgoazpn/Build/Intermediates.noindex/want.build/Debug-iphonesimulator/want.build/want-project-headers.hmap (in target 'want' from project 'want')
    cd /Users/igasakigouta/Desktop/完成APP/2025.0614/want
    write-file /Users/igasakigouta/Library/Developer/Xcode/DerivedData/want-cjidcarkaxmsmqetnxxpwxgoazpn/Build/Intermediates.noindex/want.build/Debug-iphonesimulator/want.build/want-project-headers.hmap

WriteAuxiliaryFile /Users/igasakigouta/Library/Developer/Xcode/DerivedData/want-cjidcarkaxmsmqetnxxpwxgoazpn/Build/Intermediates.noindex/want.build/Debug-iphonesimulator/want.build/want-DebugDylibInstallName-normal-arm64.txt (in target 'want' from project 'want')
    cd /Users/igasakigouta/Desktop/完成APP/2025.0614/want
    write-file /Users/igasakigouta/Library/Developer/Xcode/DerivedData/want-cjidcarkaxmsmqetnxxpwxgoazpn/Build/Intermediates.noindex/want.build/Debug-iphonesimulator/want.build/want-DebugDylibInstallName-normal-arm64.txt

WriteAuxiliaryFile /Users/igasakigouta/Library/Developer/Xcode/DerivedData/want-cjidcarkaxmsmqetnxxpwxgoazpn/Build/Intermediates.noindex/want.build/Debug-iphonesimulator/want.build/empty-want.plist (in target 'want' from project 'want')
    cd /Users/igasakigouta/Desktop/完成APP/2025.0614/want
    write-file /Users/igasakigouta/Library/Developer/Xcode/DerivedData/want-cjidcarkaxmsmqetnxxpwxgoazpn/Build/Intermediates.noindex/want.build/Debug-iphonesimulator/want.build/empty-want.plist

WriteAuxiliaryFile /Users/igasakigouta/Library/Developer/Xcode/DerivedData/want-cjidcarkaxmsmqetnxxpwxgoazpn/Build/Intermediates.noindex/want.build/Debug-iphonesimulator/want.build/Objects-normal/arm64/want_const_extract_protocols.json (in target 'want' from project 'want')
    cd /Users/igasakigouta/Desktop/完成APP/2025.0614/want
    write-file /Users/igasakigouta/Library/Developer/Xcode/DerivedData/want-cjidcarkaxmsmqetnxxpwxgoazpn/Build/Intermediates.noindex/want.build/Debug-iphonesimulator/want.build/Objects-normal/arm64/want_const_extract_protocols.json

WriteAuxiliaryFile /Users/igasakigouta/Library/Developer/Xcode/DerivedData/want-cjidcarkaxmsmqetnxxpwxgoazpn/Build/Intermediates.noindex/want.build/Debug-iphonesimulator/want.build/Objects-normal/arm64/want.SwiftFileList (in target 'want' from project 'want')
    cd /Users/igasakigouta/Desktop/完成APP/2025.0614/want
    write-file /Users/igasakigouta/Library/Developer/Xcode/DerivedData/want-cjidcarkaxmsmqetnxxpwxgoazpn/Build/Intermediates.noindex/want.build/Debug-iphonesimulator/want.build/Objects-normal/arm64/want.SwiftFileList

WriteAuxiliaryFile /Users/igasakigouta/Library/Developer/Xcode/DerivedData/want-cjidcarkaxmsmqetnxxpwxgoazpn/Build/Intermediates.noindex/want.build/Debug-iphonesimulator/want.build/Objects-normal/arm64/want.SwiftConstValuesFileList (in target 'want' from project 'want')
    cd /Users/igasakigouta/Desktop/完成APP/2025.0614/want
    write-file /Users/igasakigouta/Library/Developer/Xcode/DerivedData/want-cjidcarkaxmsmqetnxxpwxgoazpn/Build/Intermediates.noindex/want.build/Debug-iphonesimulator/want.build/Objects-normal/arm64/want.SwiftConstValuesFileList

WriteAuxiliaryFile /Users/igasakigouta/Library/Developer/Xcode/DerivedData/want-cjidcarkaxmsmqetnxxpwxgoazpn/Build/Intermediates.noindex/want.build/Debug-iphonesimulator/want.build/Objects-normal/arm64/want.LinkFileList (in target 'want' from project 'want')
    cd /Users/igasakigouta/Desktop/完成APP/2025.0614/want
    write-file /Users/igasakigouta/Library/Developer/Xcode/DerivedData/want-cjidcarkaxmsmqetnxxpwxgoazpn/Build/Intermediates.noindex/want.build/Debug-iphonesimulator/want.build/Objects-normal/arm64/want.LinkFileList

WriteAuxiliaryFile /Users/igasakigouta/Library/Developer/Xcode/DerivedData/want-cjidcarkaxmsmqetnxxpwxgoazpn/Build/Intermediates.noindex/want.build/Debug-iphonesimulator/want.build/Objects-normal/arm64/want-OutputFileMap.json (in target 'want' from project 'want')
    cd /Users/igasakigouta/Desktop/完成APP/2025.0614/want
    write-file /Users/igasakigouta/Library/Developer/Xcode/DerivedData/want-cjidcarkaxmsmqetnxxpwxgoazpn/Build/Intermediates.noindex/want.build/Debug-iphonesimulator/want.build/Objects-normal/arm64/want-OutputFileMap.json

MkDir /Users/igasakigouta/Library/Developer/Xcode/DerivedData/want-cjidcarkaxmsmqetnxxpwxgoazpn/Build/Products/Debug-iphonesimulator/want.app (in target 'want' from project 'want')
    cd /Users/igasakigouta/Desktop/完成APP/2025.0614/want
    /bin/mkdir -p /Users/igasakigouta/Library/Developer/Xcode/DerivedData/want-cjidcarkaxmsmqetnxxpwxgoazpn/Build/Products/Debug-iphonesimulator/want.app

WriteAuxiliaryFile /Users/igasakigouta/Library/Developer/Xcode/DerivedData/want-cjidcarkaxmsmqetnxxpwxgoazpn/Build/Intermediates.noindex/want.build/Debug-iphonesimulator/want.build/DerivedSources/Entitlements-Simulated.plist (in target 'want' from project 'want')
    cd /Users/igasakigouta/Desktop/完成APP/2025.0614/want
    write-file /Users/igasakigouta/Library/Developer/Xcode/DerivedData/want-cjidcarkaxmsmqetnxxpwxgoazpn/Build/Intermediates.noindex/want.build/Debug-iphonesimulator/want.build/DerivedSources/Entitlements-Simulated.plist

ProcessProductPackaging "" /Users/igasakigouta/Library/Developer/Xcode/DerivedData/want-cjidcarkaxmsmqetnxxpwxgoazpn/Build/Intermediates.noindex/want.build/Debug-iphonesimulator/want.build/want.app-Simulated.xcent (in target 'want' from project 'want')
    cd /Users/igasakigouta/Desktop/完成APP/2025.0614/want
    
    Entitlements:
    
    {
    "application-identifier" = "3477ZNRKUT.igafactory.want";
}
    
    builtin-productPackagingUtility -entitlements -format xml -o /Users/igasakigouta/Library/Developer/Xcode/DerivedData/want-cjidcarkaxmsmqetnxxpwxgoazpn/Build/Intermediates.noindex/want.build/Debug-iphonesimulator/want.build/want.app-Simulated.xcent

ProcessProductPackagingDER /Users/igasakigouta/Library/Developer/Xcode/DerivedData/want-cjidcarkaxmsmqetnxxpwxgoazpn/Build/Intermediates.noindex/want.build/Debug-iphonesimulator/want.build/want.app-Simulated.xcent /Users/igasakigouta/Library/Developer/Xcode/DerivedData/want-cjidcarkaxmsmqetnxxpwxgoazpn/Build/Intermediates.noindex/want.build/Debug-iphonesimulator/want.build/want.app-Simulated.xcent.der (in target 'want' from project 'want')
    cd /Users/igasakigouta/Desktop/完成APP/2025.0614/want
    /usr/bin/derq query -f xml -i /Users/igasakigouta/Library/Developer/Xcode/DerivedData/want-cjidcarkaxmsmqetnxxpwxgoazpn/Build/Intermediates.noindex/want.build/Debug-iphonesimulator/want.build/want.app-Simulated.xcent -o /Users/igasakigouta/Library/Developer/Xcode/DerivedData/want-cjidcarkaxmsmqetnxxpwxgoazpn/Build/Intermediates.noindex/want.build/Debug-iphonesimulator/want.build/want.app-Simulated.xcent.der --raw

GenerateAssetSymbols /Users/igasakigouta/Desktop/完成APP/2025.0614/want/want/Assets.xcassets (in target 'want' from project 'want')
    cd /Users/igasakigouta/Desktop/完成APP/2025.0614/want
    /Applications/Xcode.app/Contents/Developer/usr/bin/actool /Users/igasakigouta/Desktop/完成APP/2025.0614/want/want/Assets.xcassets --compile /Users/igasakigouta/Library/Developer/Xcode/DerivedData/want-cjidcarkaxmsmqetnxxpwxgoazpn/Build/Products/Debug-iphonesimulator/want.app --output-format human-readable-text --notices --warnings --export-dependency-info /Users/igasakigouta/Library/Developer/Xcode/DerivedData/want-cjidcarkaxmsmqetnxxpwxgoazpn/Build/Intermediates.noindex/want.build/Debug-iphonesimulator/want.build/assetcatalog_dependencies --output-partial-info-plist /Users/igasakigouta/Library/Developer/Xcode/DerivedData/want-cjidcarkaxmsmqetnxxpwxgoazpn/Build/Intermediates.noindex/want.build/Debug-iphonesimulator/want.build/assetcatalog_generated_info.plist --app-icon AppIcon --accent-color AccentColor --compress-pngs --enable-on-demand-resources YES --development-region en --target-device iphone --target-device ipad --minimum-deployment-target 18.5 --platform iphonesimulator --bundle-identifier igafactory.want --generate-swift-asset-symbols /Users/igasakigouta/Library/Developer/Xcode/DerivedData/want-cjidcarkaxmsmqetnxxpwxgoazpn/Build/Intermediates.noindex/want.build/Debug-iphonesimulator/want.build/DerivedSources/GeneratedAssetSymbols.swift --generate-objc-asset-symbols /Users/igasakigouta/Library/Developer/Xcode/DerivedData/want-cjidcarkaxmsmqetnxxpwxgoazpn/Build/Intermediates.noindex/want.build/Debug-iphonesimulator/want.build/DerivedSources/GeneratedAssetSymbols.h --generate-asset-symbol-index /Users/igasakigouta/Library/Developer/Xcode/DerivedData/want-cjidcarkaxmsmqetnxxpwxgoazpn/Build/Intermediates.noindex/want.build/Debug-iphonesimulator/want.build/DerivedSources/GeneratedAssetSymbols-Index.plist
/* com.apple.actool.compilation-results */
/Users/igasakigouta/Library/Developer/Xcode/DerivedData/want-cjidcarkaxmsmqetnxxpwxgoazpn/Build/Intermediates.noindex/want.build/Debug-iphonesimulator/want.build/DerivedSources/GeneratedAssetSymbols-Index.plist
/Users/igasakigouta/Library/Developer/Xcode/DerivedData/want-cjidcarkaxmsmqetnxxpwxgoazpn/Build/Intermediates.noindex/want.build/Debug-iphonesimulator/want.build/DerivedSources/GeneratedAssetSymbols.h
/Users/igasakigouta/Library/Developer/Xcode/DerivedData/want-cjidcarkaxmsmqetnxxpwxgoazpn/Build/Intermediates.noindex/want.build/Debug-iphonesimulator/want.build/DerivedSources/GeneratedAssetSymbols.swift


MkDir /Users/igasakigouta/Library/Developer/Xcode/DerivedData/want-cjidcarkaxmsmqetnxxpwxgoazpn/Build/Intermediates.noindex/want.build/Debug-iphonesimulator/want.build/assetcatalog_output/thinned (in target 'want' from project 'want')
    cd /Users/igasakigouta/Desktop/完成APP/2025.0614/want
    /bin/mkdir -p /Users/igasakigouta/Library/Developer/Xcode/DerivedData/want-cjidcarkaxmsmqetnxxpwxgoazpn/Build/Intermediates.noindex/want.build/Debug-iphonesimulator/want.build/assetcatalog_output/thinned

MkDir /Users/igasakigouta/Library/Developer/Xcode/DerivedData/want-cjidcarkaxmsmqetnxxpwxgoazpn/Build/Intermediates.noindex/want.build/Debug-iphonesimulator/want.build/assetcatalog_output/unthinned (in target 'want' from project 'want')
    cd /Users/igasakigouta/Desktop/完成APP/2025.0614/want
    /bin/mkdir -p /Users/igasakigouta/Library/Developer/Xcode/DerivedData/want-cjidcarkaxmsmqetnxxpwxgoazpn/Build/Intermediates.noindex/want.build/Debug-iphonesimulator/want.build/assetcatalog_output/unthinned

CpResource /Users/igasakigouta/Library/Developer/Xcode/DerivedData/want-cjidcarkaxmsmqetnxxpwxgoazpn/Build/Products/Debug-iphonesimulator/want.app/memories.json /Users/igasakigouta/Desktop/完成APP/2025.0614/want/want/memories.json (in target 'want' from project 'want')
    cd /Users/igasakigouta/Desktop/完成APP/2025.0614/want
    builtin-copy -exclude .DS_Store -exclude CVS -exclude .svn -exclude .git -exclude .hg -resolve-src-symlinks /Users/igasakigouta/Desktop/完成APP/2025.0614/want/want/memories.json /Users/igasakigouta/Library/Developer/Xcode/DerivedData/want-cjidcarkaxmsmqetnxxpwxgoazpn/Build/Products/Debug-iphonesimulator/want.app

Ld /Users/igasakigouta/Library/Developer/Xcode/DerivedData/want-cjidcarkaxmsmqetnxxpwxgoazpn/Build/Products/Debug-iphonesimulator/want.app/__preview.dylib normal (in target 'want' from project 'want')
    cd /Users/igasakigouta/Desktop/完成APP/2025.0614/want
    /Applications/Xcode.app/Contents/Developer/Toolchains/XcodeDefault.xctoolchain/usr/bin/clang -Xlinker -reproducible -target arm64-apple-ios18.5-simulator -dynamiclib -isysroot /Applications/Xcode.app/Contents/Developer/Platforms/iPhoneSimulator.platform/Developer/SDKs/iPhoneSimulator18.5.sdk -O0 -L/Users/igasakigouta/Library/Developer/Xcode/DerivedData/want-cjidcarkaxmsmqetnxxpwxgoazpn/Build/Products/Debug-iphonesimulator -F/Users/igasakigouta/Library/Developer/Xcode/DerivedData/want-cjidcarkaxmsmqetnxxpwxgoazpn/Build/Products/Debug-iphonesimulator -install_name @rpath/want.debug.dylib -dead_strip -rdynamic -Xlinker -no_deduplicate -Xlinker -objc_abi_version -Xlinker 2 -Xlinker -debug_variant -Xlinker -dependency_info -Xlinker /Users/igasakigouta/Library/Developer/Xcode/DerivedData/want-cjidcarkaxmsmqetnxxpwxgoazpn/Build/Intermediates.noindex/want.build/Debug-iphonesimulator/want.build/Objects-normal/arm64/want_dependency_info.dat -Xlinker -sectcreate -Xlinker __TEXT -Xlinker __entitlements -Xlinker /Users/igasakigouta/Library/Developer/Xcode/DerivedData/want-cjidcarkaxmsmqetnxxpwxgoazpn/Build/Intermediates.noindex/want.build/Debug-iphonesimulator/want.build/want.app-Simulated.xcent -Xlinker -sectcreate -Xlinker __TEXT -Xlinker __ents_der -Xlinker /Users/igasakigouta/Library/Developer/Xcode/DerivedData/want-cjidcarkaxmsmqetnxxpwxgoazpn/Build/Intermediates.noindex/want.build/Debug-iphonesimulator/want.build/want.app-Simulated.xcent.der -Xlinker -no_adhoc_codesign -o /Users/igasakigouta/Library/Developer/Xcode/DerivedData/want-cjidcarkaxmsmqetnxxpwxgoazpn/Build/Products/Debug-iphonesimulator/want.app/__preview.dylib

CpResource /Users/igasakigouta/Library/Developer/Xcode/DerivedData/want-cjidcarkaxmsmqetnxxpwxgoazpn/Build/Products/Debug-iphonesimulator/want.app/emotions.json /Users/igasakigouta/Desktop/完成APP/2025.0614/want/want/emotions.json (in target 'want' from project 'want')
    cd /Users/igasakigouta/Desktop/完成APP/2025.0614/want
    builtin-copy -exclude .DS_Store -exclude CVS -exclude .svn -exclude .git -exclude .hg -resolve-src-symlinks /Users/igasakigouta/Desktop/完成APP/2025.0614/want/want/emotions.json /Users/igasakigouta/Library/Developer/Xcode/DerivedData/want-cjidcarkaxmsmqetnxxpwxgoazpn/Build/Products/Debug-iphonesimulator/want.app

CpResource /Users/igasakigouta/Library/Developer/Xcode/DerivedData/want-cjidcarkaxmsmqetnxxpwxgoazpn/Build/Products/Debug-iphonesimulator/want.app/persona.json /Users/igasakigouta/Desktop/完成APP/2025.0614/want/want/persona.json (in target 'want' from project 'want')
    cd /Users/igasakigouta/Desktop/完成APP/2025.0614/want
    builtin-copy -exclude .DS_Store -exclude CVS -exclude .svn -exclude .git -exclude .hg -resolve-src-symlinks /Users/igasakigouta/Desktop/完成APP/2025.0614/want/want/persona.json /Users/igasakigouta/Library/Developer/Xcode/DerivedData/want-cjidcarkaxmsmqetnxxpwxgoazpn/Build/Products/Debug-iphonesimulator/want.app

CompileAssetCatalogVariant thinned /Users/igasakigouta/Library/Developer/Xcode/DerivedData/want-cjidcarkaxmsmqetnxxpwxgoazpn/Build/Products/Debug-iphonesimulator/want.app /Users/igasakigouta/Desktop/完成APP/2025.0614/want/want/Assets.xcassets (in target 'want' from project 'want')
    cd /Users/igasakigouta/Desktop/完成APP/2025.0614/want
    /Applications/Xcode.app/Contents/Developer/usr/bin/actool /Users/igasakigouta/Desktop/完成APP/2025.0614/want/want/Assets.xcassets --compile /Users/igasakigouta/Library/Developer/Xcode/DerivedData/want-cjidcarkaxmsmqetnxxpwxgoazpn/Build/Intermediates.noindex/want.build/Debug-iphonesimulator/want.build/assetcatalog_output/thinned --output-format human-readable-text --notices --warnings --export-dependency-info /Users/igasakigouta/Library/Developer/Xcode/DerivedData/want-cjidcarkaxmsmqetnxxpwxgoazpn/Build/Intermediates.noindex/want.build/Debug-iphonesimulator/want.build/assetcatalog_dependencies_thinned --output-partial-info-plist /Users/igasakigouta/Library/Developer/Xcode/DerivedData/want-cjidcarkaxmsmqetnxxpwxgoazpn/Build/Intermediates.noindex/want.build/Debug-iphonesimulator/want.build/assetcatalog_generated_info.plist_thinned --app-icon AppIcon --accent-color AccentColor --compress-pngs --enable-on-demand-resources YES --filter-for-thinning-device-configuration iPhone17,3 --filter-for-device-os-version 18.5 --development-region en --target-device iphone --target-device ipad --minimum-deployment-target 18.5 --platform iphonesimulator
/* com.apple.actool.compilation-results */
/Users/igasakigouta/Library/Developer/Xcode/DerivedData/want-cjidcarkaxmsmqetnxxpwxgoazpn/Build/Intermediates.noindex/want.build/Debug-iphonesimulator/want.build/assetcatalog_generated_info.plist_thinned
/Users/igasakigouta/Library/Developer/Xcode/DerivedData/want-cjidcarkaxmsmqetnxxpwxgoazpn/Build/Intermediates.noindex/want.build/Debug-iphonesimulator/want.build/assetcatalog_output/thinned/AppIcon60x60@2x.png
/Users/igasakigouta/Library/Developer/Xcode/DerivedData/want-cjidcarkaxmsmqetnxxpwxgoazpn/Build/Intermediates.noindex/want.build/Debug-iphonesimulator/want.build/assetcatalog_output/thinned/AppIcon76x76@2x~ipad.png
/Users/igasakigouta/Library/Developer/Xcode/DerivedData/want-cjidcarkaxmsmqetnxxpwxgoazpn/Build/Intermediates.noindex/want.build/Debug-iphonesimulator/want.build/assetcatalog_output/thinned/Assets.car


SwiftDriver want normal arm64 com.apple.xcode.tools.swift.compiler (in target 'want' from project 'want')
    cd /Users/igasakigouta/Desktop/完成APP/2025.0614/want
    builtin-SwiftDriver -- /Applications/Xcode.app/Contents/Developer/Toolchains/XcodeDefault.xctoolchain/usr/bin/swiftc -module-name want -Onone -enforce-exclusivity\=checked @/Users/igasakigouta/Library/Developer/Xcode/DerivedData/want-cjidcarkaxmsmqetnxxpwxgoazpn/Build/Intermediates.noindex/want.build/Debug-iphonesimulator/want.build/Objects-normal/arm64/want.SwiftFileList -DDEBUG -enable-bare-slash-regex -enable-experimental-feature DebugDescriptionMacro -sdk /Applications/Xcode.app/Contents/Developer/Platforms/iPhoneSimulator.platform/Developer/SDKs/iPhoneSimulator18.5.sdk -target arm64-apple-ios18.5-simulator -g -module-cache-path /Users/igasakigouta/Library/Developer/Xcode/DerivedData/ModuleCache.noindex -Xfrontend -serialize-debugging-options -profile-coverage-mapping -profile-generate -enable-testing -index-store-path /Users/igasakigouta/Library/Developer/Xcode/DerivedData/want-cjidcarkaxmsmqetnxxpwxgoazpn/Index.noindex/DataStore -swift-version 5 -I /Users/igasakigouta/Library/Developer/Xcode/DerivedData/want-cjidcarkaxmsmqetnxxpwxgoazpn/Build/Products/Debug-iphonesimulator -F /Users/igasakigouta/Library/Developer/Xcode/DerivedData/want-cjidcarkaxmsmqetnxxpwxgoazpn/Build/Products/Debug-iphonesimulator -emit-localized-strings -emit-localized-strings-path /Users/igasakigouta/Library/Developer/Xcode/DerivedData/want-cjidcarkaxmsmqetnxxpwxgoazpn/Build/Intermediates.noindex/want.build/Debug-iphonesimulator/want.build/Objects-normal/arm64 -c -j10 -enable-batch-mode -incremental -Xcc -ivfsstatcache -Xcc /Users/igasakigouta/Library/Developer/Xcode/DerivedData/SDKStatCaches.noindex/iphonesimulator18.5-22F76-d5fc8ad4295d2ef488fb7d0f804ce0c4.sdkstatcache -output-file-map /Users/igasakigouta/Library/Developer/Xcode/DerivedData/want-cjidcarkaxmsmqetnxxpwxgoazpn/Build/Intermediates.noindex/want.build/Debug-iphonesimulator/want.build/Objects-normal/arm64/want-OutputFileMap.json -use-frontend-parseable-output -save-temps -no-color-diagnostics -serialize-diagnostics -emit-dependencies -emit-module -emit-module-path /Users/igasakigouta/Library/Developer/Xcode/DerivedData/want-cjidcarkaxmsmqetnxxpwxgoazpn/Build/Intermediates.noindex/want.build/Debug-iphonesimulator/want.build/Objects-normal/arm64/want.swiftmodule -validate-clang-modules-once -clang-build-session-file /Users/igasakigouta/Library/Developer/Xcode/DerivedData/ModuleCache.noindex/Session.modulevalidation -Xcc -I/Users/igasakigouta/Library/Developer/Xcode/DerivedData/want-cjidcarkaxmsmqetnxxpwxgoazpn/Build/Intermediates.noindex/want.build/Debug-iphonesimulator/want.build/swift-overrides.hmap -emit-const-values -Xfrontend -const-gather-protocols-file -Xfrontend /Users/igasakigouta/Library/Developer/Xcode/DerivedData/want-cjidcarkaxmsmqetnxxpwxgoazpn/Build/Intermediates.noindex/want.build/Debug-iphonesimulator/want.build/Objects-normal/arm64/want_const_extract_protocols.json -Xcc -iquote -Xcc /Users/igasakigouta/Library/Developer/Xcode/DerivedData/want-cjidcarkaxmsmqetnxxpwxgoazpn/Build/Intermediates.noindex/want.build/Debug-iphonesimulator/want.build/want-generated-files.hmap -Xcc -I/Users/igasakigouta/Library/Developer/Xcode/DerivedData/want-cjidcarkaxmsmqetnxxpwxgoazpn/Build/Intermediates.noindex/want.build/Debug-iphonesimulator/want.build/want-own-target-headers.hmap -Xcc -I/Users/igasakigouta/Library/Developer/Xcode/DerivedData/want-cjidcarkaxmsmqetnxxpwxgoazpn/Build/Intermediates.noindex/want.build/Debug-iphonesimulator/want.build/want-all-target-headers.hmap -Xcc -iquote -Xcc /Users/igasakigouta/Library/Developer/Xcode/DerivedData/want-cjidcarkaxmsmqetnxxpwxgoazpn/Build/Intermediates.noindex/want.build/Debug-iphonesimulator/want.build/want-project-headers.hmap -Xcc -I/Users/igasakigouta/Library/Developer/Xcode/DerivedData/want-cjidcarkaxmsmqetnxxpwxgoazpn/Build/Products/Debug-iphonesimulator/include -Xcc -I/Users/igasakigouta/Library/Developer/Xcode/DerivedData/want-cjidcarkaxmsmqetnxxpwxgoazpn/Build/Intermediates.noindex/want.build/Debug-iphonesimulator/want.build/DerivedSources-normal/arm64 -Xcc -I/Users/igasakigouta/Library/Developer/Xcode/DerivedData/want-cjidcarkaxmsmqetnxxpwxgoazpn/Build/Intermediates.noindex/want.build/Debug-iphonesimulator/want.build/DerivedSources/arm64 -Xcc -I/Users/igasakigouta/Library/Developer/Xcode/DerivedData/want-cjidcarkaxmsmqetnxxpwxgoazpn/Build/Intermediates.noindex/want.build/Debug-iphonesimulator/want.build/DerivedSources -Xcc -DDEBUG\=1 -emit-objc-header -emit-objc-header-path /Users/igasakigouta/Library/Developer/Xcode/DerivedData/want-cjidcarkaxmsmqetnxxpwxgoazpn/Build/Intermediates.noindex/want.build/Debug-iphonesimulator/want.build/Objects-normal/arm64/want-Swift.h -working-directory /Users/igasakigouta/Desktop/完成APP/2025.0614/want -experimental-emit-module-separately -disable-cmo

SwiftCompile normal arm64 Compiling\ ChatViewModel.swift,\ PersonaLoader.swift,\ SettingsView.swift,\ ChatView.swift /Users/igasakigouta/Desktop/完成APP/2025.0614/want/want/ChatViewModel.swift /Users/igasakigouta/Desktop/完成APP/2025.0614/want/want/PersonaLoader.swift /Users/igasakigouta/Desktop/完成APP/2025.0614/want/want/SettingsView.swift /Users/igasakigouta/Desktop/完成APP/2025.0614/want/want/ChatView.swift (in target 'want' from project 'want')

SwiftCompile normal arm64 /Users/igasakigouta/Desktop/完成APP/2025.0614/want/want/ChatViewModel.swift (in target 'want' from project 'want')
    cd /Users/igasakigouta/Desktop/完成APP/2025.0614/want
    

SwiftCompile normal arm64 /Users/igasakigouta/Desktop/完成APP/2025.0614/want/want/PersonaLoader.swift (in target 'want' from project 'want')
    cd /Users/igasakigouta/Desktop/完成APP/2025.0614/want
    

SwiftCompile normal arm64 /Users/igasakigouta/Desktop/完成APP/2025.0614/want/want/SettingsView.swift (in target 'want' from project 'want')
    cd /Users/igasakigouta/Desktop/完成APP/2025.0614/want
    

SwiftCompile normal arm64 /Users/igasakigouta/Desktop/完成APP/2025.0614/want/want/ChatView.swift (in target 'want' from project 'want')
    cd /Users/igasakigouta/Desktop/完成APP/2025.0614/want
    

SwiftCompile normal arm64 Compiling\ AIChatService.swift,\ ChatBubble.swift,\ ImagePickerView.swift,\ DebugPersistenceView.swift /Users/igasakigouta/Desktop/完成APP/2025.0614/want/want/AIChatService.swift /Users/igasakigouta/Desktop/完成APP/2025.0614/want/want/ChatBubble.swift /Users/igasakigouta/Desktop/完成APP/2025.0614/want/want/ImagePickerView.swift /Users/igasakigouta/Desktop/完成APP/2025.0614/want/want/DebugPersistenceView.swift (in target 'want' from project 'want')

SwiftCompile normal arm64 /Users/igasakigouta/Desktop/完成APP/2025.0614/want/want/AIChatService.swift (in target 'want' from project 'want')
    cd /Users/igasakigouta/Desktop/完成APP/2025.0614/want
    

SwiftCompile normal arm64 /Users/igasakigouta/Desktop/完成APP/2025.0614/want/want/ChatBubble.swift (in target 'want' from project 'want')
    cd /Users/igasakigouta/Desktop/完成APP/2025.0614/want
    

SwiftCompile normal arm64 /Users/igasakigouta/Desktop/完成APP/2025.0614/want/want/ImagePickerView.swift (in target 'want' from project 'want')
    cd /Users/igasakigouta/Desktop/完成APP/2025.0614/want
    

SwiftCompile normal arm64 /Users/igasakigouta/Desktop/完成APP/2025.0614/want/want/DebugPersistenceView.swift (in target 'want' from project 'want')
    cd /Users/igasakigouta/Desktop/完成APP/2025.0614/want
    

SwiftCompile normal arm64 Compiling\ wantApp.swift,\ MemoryKeyword.swift,\ APIKeyInputView.swift,\ FileImportView.swift /Users/igasakigouta/Desktop/完成APP/2025.0614/want/want/wantApp.swift /Users/igasakigouta/Desktop/完成APP/2025.0614/want/want/MemoryKeyword.swift /Users/igasakigouta/Desktop/完成APP/2025.0614/want/want/APIKeyInputView.swift /Users/igasakigouta/Desktop/完成APP/2025.0614/want/want/FileImportView.swift (in target 'want' from project 'want')

SwiftCompile normal arm64 /Users/igasakigouta/Desktop/完成APP/2025.0614/want/want/wantApp.swift (in target 'want' from project 'want')
    cd /Users/igasakigouta/Desktop/完成APP/2025.0614/want
    

SwiftCompile normal arm64 /Users/igasakigouta/Desktop/完成APP/2025.0614/want/want/MemoryKeyword.swift (in target 'want' from project 'want')
    cd /Users/igasakigouta/Desktop/完成APP/2025.0614/want
    

SwiftCompile normal arm64 /Users/igasakigouta/Desktop/完成APP/2025.0614/want/want/APIKeyInputView.swift (in target 'want' from project 'want')
    cd /Users/igasakigouta/Desktop/完成APP/2025.0614/want
    

SwiftCompile normal arm64 /Users/igasakigouta/Desktop/完成APP/2025.0614/want/want/FileImportView.swift (in target 'want' from project 'want')
    cd /Users/igasakigouta/Desktop/完成APP/2025.0614/want
    

SwiftCompile normal arm64 Compiling\ ChatMessage.swift,\ AIInstructionsView.swift,\ EnhancedLocalResponseGenerator.swift,\ Calendar+Extensions.swift /Users/igasakigouta/Desktop/完成APP/2025.0614/want/want/ChatMessage.swift /Users/igasakigouta/Desktop/完成APP/2025.0614/want/want/AIInstructionsView.swift /Users/igasakigouta/Desktop/完成APP/2025.0614/want/want/EnhancedLocalResponseGenerator.swift /Users/igasakigouta/Desktop/完成APP/2025.0614/want/want/Calendar+Extensions.swift (in target 'want' from project 'want')

SwiftCompile normal arm64 /Users/igasakigouta/Desktop/完成APP/2025.0614/want/want/ChatMessage.swift (in target 'want' from project 'want')
    cd /Users/igasakigouta/Desktop/完成APP/2025.0614/want
    

SwiftCompile normal arm64 /Users/igasakigouta/Desktop/完成APP/2025.0614/want/want/AIInstructionsView.swift (in target 'want' from project 'want')
    cd /Users/igasakigouta/Desktop/完成APP/2025.0614/want
    

SwiftCompile normal arm64 /Users/igasakigouta/Desktop/完成APP/2025.0614/want/want/EnhancedLocalResponseGenerator.swift (in target 'want' from project 'want')
    cd /Users/igasakigouta/Desktop/完成APP/2025.0614/want
    

SwiftCompile normal arm64 /Users/igasakigouta/Desktop/完成APP/2025.0614/want/want/Calendar+Extensions.swift (in target 'want' from project 'want')
    cd /Users/igasakigouta/Desktop/完成APP/2025.0614/want
    

SwiftCompile normal arm64 Compiling\ PersonaCustomization.swift,\ PersonaListView.swift,\ LocalResponseService.swift,\ EmotionResponder.swift /Users/igasakigouta/Desktop/完成APP/2025.0614/want/want/PersonaCustomization.swift /Users/igasakigouta/Desktop/完成APP/2025.0614/want/want/PersonaListView.swift /Users/igasakigouta/Desktop/完成APP/2025.0614/want/want/LocalResponseService.swift /Users/igasakigouta/Desktop/完成APP/2025.0614/want/want/EmotionResponder.swift (in target 'want' from project 'want')

SwiftCompile normal arm64 /Users/igasakigouta/Desktop/完成APP/2025.0614/want/want/PersonaCustomization.swift (in target 'want' from project 'want')
    cd /Users/igasakigouta/Desktop/完成APP/2025.0614/want
    

SwiftCompile normal arm64 /Users/igasakigouta/Desktop/完成APP/2025.0614/want/want/PersonaListView.swift (in target 'want' from project 'want')
    cd /Users/igasakigouta/Desktop/完成APP/2025.0614/want
    

SwiftCompile normal arm64 /Users/igasakigouta/Desktop/完成APP/2025.0614/want/want/LocalResponseService.swift (in target 'want' from project 'want')
    cd /Users/igasakigouta/Desktop/完成APP/2025.0614/want
    

SwiftCompile normal arm64 /Users/igasakigouta/Desktop/完成APP/2025.0614/want/want/EmotionResponder.swift (in target 'want' from project 'want')
    cd /Users/igasakigouta/Desktop/完成APP/2025.0614/want
    

SwiftEmitModule normal arm64 Emitting\ module\ for\ want (in target 'want' from project 'want')

EmitSwiftModule normal arm64 (in target 'want' from project 'want')
    cd /Users/igasakigouta/Desktop/完成APP/2025.0614/want
    

SwiftCompile normal arm64 Compiling\ SetupPersonaView.swift,\ SimpleAPIKeyInputView.swift,\ LineMessage.swift,\ GeminiAPIService.swift /Users/igasakigouta/Desktop/完成APP/2025.0614/want/want/SetupPersonaView.swift /Users/igasakigouta/Desktop/完成APP/2025.0614/want/want/SimpleAPIKeyInputView.swift /Users/igasakigouta/Desktop/完成APP/2025.0614/want/want/LineMessage.swift /Users/igasakigouta/Desktop/完成APP/2025.0614/want/want/GeminiAPIService.swift (in target 'want' from project 'want')

SwiftCompile normal arm64 /Users/igasakigouta/Desktop/完成APP/2025.0614/want/want/SetupPersonaView.swift (in target 'want' from project 'want')
    cd /Users/igasakigouta/Desktop/完成APP/2025.0614/want
    

SwiftCompile normal arm64 /Users/igasakigouta/Desktop/完成APP/2025.0614/want/want/SimpleAPIKeyInputView.swift (in target 'want' from project 'want')
    cd /Users/igasakigouta/Desktop/完成APP/2025.0614/want
    

SwiftCompile normal arm64 /Users/igasakigouta/Desktop/完成APP/2025.0614/want/want/LineMessage.swift (in target 'want' from project 'want')
    cd /Users/igasakigouta/Desktop/完成APP/2025.0614/want
    

SwiftCompile normal arm64 /Users/igasakigouta/Desktop/完成APP/2025.0614/want/want/GeminiAPIService.swift (in target 'want' from project 'want')
    cd /Users/igasakigouta/Desktop/完成APP/2025.0614/want
    

SwiftCompile normal arm64 Compiling\ InputBar.swift,\ EnhancedMemoryDatabase.swift,\ AvatarView.swift,\ MemoryDatabase.swift /Users/igasakigouta/Desktop/完成APP/2025.0614/want/want/InputBar.swift /Users/igasakigouta/Desktop/完成APP/2025.0614/want/want/EnhancedMemoryDatabase.swift /Users/igasakigouta/Desktop/完成APP/2025.0614/want/want/AvatarView.swift /Users/igasakigouta/Desktop/完成APP/2025.0614/want/want/MemoryDatabase.swift (in target 'want' from project 'want')

SwiftCompile normal arm64 /Users/igasakigouta/Desktop/完成APP/2025.0614/want/want/InputBar.swift (in target 'want' from project 'want')
    cd /Users/igasakigouta/Desktop/完成APP/2025.0614/want
    

SwiftCompile normal arm64 /Users/igasakigouta/Desktop/完成APP/2025.0614/want/want/EnhancedMemoryDatabase.swift (in target 'want' from project 'want')
    cd /Users/igasakigouta/Desktop/完成APP/2025.0614/want
    

SwiftCompile normal arm64 /Users/igasakigouta/Desktop/完成APP/2025.0614/want/want/AvatarView.swift (in target 'want' from project 'want')
    cd /Users/igasakigouta/Desktop/完成APP/2025.0614/want
    

SwiftCompile normal arm64 /Users/igasakigouta/Desktop/完成APP/2025.0614/want/want/MemoryDatabase.swift (in target 'want' from project 'want')
    cd /Users/igasakigouta/Desktop/完成APP/2025.0614/want
    

SwiftCompile normal arm64 Compiling\ ContentView.swift,\ ImageManager.swift,\ PersonaManager.swift,\ AISettingsView.swift /Users/igasakigouta/Desktop/完成APP/2025.0614/want/want/ContentView.swift /Users/igasakigouta/Desktop/完成APP/2025.0614/want/want/ImageManager.swift /Users/igasakigouta/Desktop/完成APP/2025.0614/want/want/PersonaManager.swift /Users/igasakigouta/Desktop/完成APP/2025.0614/want/want/AISettingsView.swift (in target 'want' from project 'want')

SwiftCompile normal arm64 /Users/igasakigouta/Desktop/完成APP/2025.0614/want/want/ContentView.swift (in target 'want' from project 'want')
    cd /Users/igasakigouta/Desktop/完成APP/2025.0614/want
    

SwiftCompile normal arm64 /Users/igasakigouta/Desktop/完成APP/2025.0614/want/want/ImageManager.swift (in target 'want' from project 'want')
    cd /Users/igasakigouta/Desktop/完成APP/2025.0614/want
    

SwiftCompile normal arm64 /Users/igasakigouta/Desktop/完成APP/2025.0614/want/want/PersonaManager.swift (in target 'want' from project 'want')
    cd /Users/igasakigouta/Desktop/完成APP/2025.0614/want
    

SwiftCompile normal arm64 /Users/igasakigouta/Desktop/完成APP/2025.0614/want/want/AISettingsView.swift (in target 'want' from project 'want')
    cd /Users/igasakigouta/Desktop/完成APP/2025.0614/want
    

SwiftDriverJobDiscovery normal arm64 Emitting module for want (in target 'want' from project 'want')

SwiftCompile normal arm64 Compiling\ EmotionTrigger.swift,\ UserPersona.swift,\ AIConfigManager.swift,\ ChatRoomListView.swift /Users/igasakigouta/Desktop/完成APP/2025.0614/want/want/EmotionTrigger.swift /Users/igasakigouta/Desktop/完成APP/2025.0614/want/want/UserPersona.swift /Users/igasakigouta/Desktop/完成APP/2025.0614/want/want/AIConfigManager.swift /Users/igasakigouta/Desktop/完成APP/2025.0614/want/want/ChatRoomListView.swift (in target 'want' from project 'want')

SwiftCompile normal arm64 /Users/igasakigouta/Desktop/完成APP/2025.0614/want/want/EmotionTrigger.swift (in target 'want' from project 'want')
    cd /Users/igasakigouta/Desktop/完成APP/2025.0614/want
    

SwiftCompile normal arm64 /Users/igasakigouta/Desktop/完成APP/2025.0614/want/want/UserPersona.swift (in target 'want' from project 'want')
    cd /Users/igasakigouta/Desktop/完成APP/2025.0614/want
    

SwiftCompile normal arm64 /Users/igasakigouta/Desktop/完成APP/2025.0614/want/want/AIConfigManager.swift (in target 'want' from project 'want')
    cd /Users/igasakigouta/Desktop/完成APP/2025.0614/want
    

SwiftCompile normal arm64 /Users/igasakigouta/Desktop/完成APP/2025.0614/want/want/ChatRoomListView.swift (in target 'want' from project 'want')
    cd /Users/igasakigouta/Desktop/完成APP/2025.0614/want
    

SwiftDriver\ Compilation\ Requirements want normal arm64 com.apple.xcode.tools.swift.compiler (in target 'want' from project 'want')
    cd /Users/igasakigouta/Desktop/完成APP/2025.0614/want
    builtin-Swift-Compilation-Requirements -- /Applications/Xcode.app/Contents/Developer/Toolchains/XcodeDefault.xctoolchain/usr/bin/swiftc -module-name want -Onone -enforce-exclusivity\=checked @/Users/igasakigouta/Library/Developer/Xcode/DerivedData/want-cjidcarkaxmsmqetnxxpwxgoazpn/Build/Intermediates.noindex/want.build/Debug-iphonesimulator/want.build/Objects-normal/arm64/want.SwiftFileList -DDEBUG -enable-bare-slash-regex -enable-experimental-feature DebugDescriptionMacro -sdk /Applications/Xcode.app/Contents/Developer/Platforms/iPhoneSimulator.platform/Developer/SDKs/iPhoneSimulator18.5.sdk -target arm64-apple-ios18.5-simulator -g -module-cache-path /Users/igasakigouta/Library/Developer/Xcode/DerivedData/ModuleCache.noindex -Xfrontend -serialize-debugging-options -profile-coverage-mapping -profile-generate -enable-testing -index-store-path /Users/igasakigouta/Library/Developer/Xcode/DerivedData/want-cjidcarkaxmsmqetnxxpwxgoazpn/Index.noindex/DataStore -swift-version 5 -I /Users/igasakigouta/Library/Developer/Xcode/DerivedData/want-cjidcarkaxmsmqetnxxpwxgoazpn/Build/Products/Debug-iphonesimulator -F /Users/igasakigouta/Library/Developer/Xcode/DerivedData/want-cjidcarkaxmsmqetnxxpwxgoazpn/Build/Products/Debug-iphonesimulator -emit-localized-strings -emit-localized-strings-path /Users/igasakigouta/Library/Developer/Xcode/DerivedData/want-cjidcarkaxmsmqetnxxpwxgoazpn/Build/Intermediates.noindex/want.build/Debug-iphonesimulator/want.build/Objects-normal/arm64 -c -j10 -enable-batch-mode -incremental -Xcc -ivfsstatcache -Xcc /Users/igasakigouta/Library/Developer/Xcode/DerivedData/SDKStatCaches.noindex/iphonesimulator18.5-22F76-d5fc8ad4295d2ef488fb7d0f804ce0c4.sdkstatcache -output-file-map /Users/igasakigouta/Library/Developer/Xcode/DerivedData/want-cjidcarkaxmsmqetnxxpwxgoazpn/Build/Intermediates.noindex/want.build/Debug-iphonesimulator/want.build/Objects-normal/arm64/want-OutputFileMap.json -use-frontend-parseable-output -save-temps -no-color-diagnostics -serialize-diagnostics -emit-dependencies -emit-module -emit-module-path /Users/igasakigouta/Library/Developer/Xcode/DerivedData/want-cjidcarkaxmsmqetnxxpwxgoazpn/Build/Intermediates.noindex/want.build/Debug-iphonesimulator/want.build/Objects-normal/arm64/want.swiftmodule -validate-clang-modules-once -clang-build-session-file /Users/igasakigouta/Library/Developer/Xcode/DerivedData/ModuleCache.noindex/Session.modulevalidation -Xcc -I/Users/igasakigouta/Library/Developer/Xcode/DerivedData/want-cjidcarkaxmsmqetnxxpwxgoazpn/Build/Intermediates.noindex/want.build/Debug-iphonesimulator/want.build/swift-overrides.hmap -emit-const-values -Xfrontend -const-gather-protocols-file -Xfrontend /Users/igasakigouta/Library/Developer/Xcode/DerivedData/want-cjidcarkaxmsmqetnxxpwxgoazpn/Build/Intermediates.noindex/want.build/Debug-iphonesimulator/want.build/Objects-normal/arm64/want_const_extract_protocols.json -Xcc -iquote -Xcc /Users/igasakigouta/Library/Developer/Xcode/DerivedData/want-cjidcarkaxmsmqetnxxpwxgoazpn/Build/Intermediates.noindex/want.build/Debug-iphonesimulator/want.build/want-generated-files.hmap -Xcc -I/Users/igasakigouta/Library/Developer/Xcode/DerivedData/want-cjidcarkaxmsmqetnxxpwxgoazpn/Build/Intermediates.noindex/want.build/Debug-iphonesimulator/want.build/want-own-target-headers.hmap -Xcc -I/Users/igasakigouta/Library/Developer/Xcode/DerivedData/want-cjidcarkaxmsmqetnxxpwxgoazpn/Build/Intermediates.noindex/want.build/Debug-iphonesimulator/want.build/want-all-target-headers.hmap -Xcc -iquote -Xcc /Users/igasakigouta/Library/Developer/Xcode/DerivedData/want-cjidcarkaxmsmqetnxxpwxgoazpn/Build/Intermediates.noindex/want.build/Debug-iphonesimulator/want.build/want-project-headers.hmap -Xcc -I/Users/igasakigouta/Library/Developer/Xcode/DerivedData/want-cjidcarkaxmsmqetnxxpwxgoazpn/Build/Products/Debug-iphonesimulator/include -Xcc -I/Users/igasakigouta/Library/Developer/Xcode/DerivedData/want-cjidcarkaxmsmqetnxxpwxgoazpn/Build/Intermediates.noindex/want.build/Debug-iphonesimulator/want.build/DerivedSources-normal/arm64 -Xcc -I/Users/igasakigouta/Library/Developer/Xcode/DerivedData/want-cjidcarkaxmsmqetnxxpwxgoazpn/Build/Intermediates.noindex/want.build/Debug-iphonesimulator/want.build/DerivedSources/arm64 -Xcc -I/Users/igasakigouta/Library/Developer/Xcode/DerivedData/want-cjidcarkaxmsmqetnxxpwxgoazpn/Build/Intermediates.noindex/want.build/Debug-iphonesimulator/want.build/DerivedSources -Xcc -DDEBUG\=1 -emit-objc-header -emit-objc-header-path /Users/igasakigouta/Library/Developer/Xcode/DerivedData/want-cjidcarkaxmsmqetnxxpwxgoazpn/Build/Intermediates.noindex/want.build/Debug-iphonesimulator/want.build/Objects-normal/arm64/want-Swift.h -working-directory /Users/igasakigouta/Desktop/完成APP/2025.0614/want -experimental-emit-module-separately -disable-cmo

SwiftDriverJobDiscovery normal arm64 Compiling InputBar.swift, EnhancedMemoryDatabase.swift, AvatarView.swift, MemoryDatabase.swift (in target 'want' from project 'want')

SwiftCompile normal arm64 Compiling\ ChatRoom.swift,\ EmotionPickerView.swift,\ GeneratedAssetSymbols.swift /Users/igasakigouta/Desktop/完成APP/2025.0614/want/want/ChatRoom.swift /Users/igasakigouta/Desktop/完成APP/2025.0614/want/want/EmotionPickerView.swift /Users/igasakigouta/Library/Developer/Xcode/DerivedData/want-cjidcarkaxmsmqetnxxpwxgoazpn/Build/Intermediates.noindex/want.build/Debug-iphonesimulator/want.build/DerivedSources/GeneratedAssetSymbols.swift (in target 'want' from project 'want')

SwiftCompile normal arm64 /Users/igasakigouta/Desktop/完成APP/2025.0614/want/want/ChatRoom.swift (in target 'want' from project 'want')
    cd /Users/igasakigouta/Desktop/完成APP/2025.0614/want
    

SwiftCompile normal arm64 /Users/igasakigouta/Desktop/完成APP/2025.0614/want/want/EmotionPickerView.swift (in target 'want' from project 'want')
    cd /Users/igasakigouta/Desktop/完成APP/2025.0614/want
    

SwiftCompile normal arm64 /Users/igasakigouta/Library/Developer/Xcode/DerivedData/want-cjidcarkaxmsmqetnxxpwxgoazpn/Build/Intermediates.noindex/want.build/Debug-iphonesimulator/want.build/DerivedSources/GeneratedAssetSymbols.swift (in target 'want' from project 'want')
    cd /Users/igasakigouta/Desktop/完成APP/2025.0614/want
    

SwiftMergeGeneratedHeaders /Users/igasakigouta/Library/Developer/Xcode/DerivedData/want-cjidcarkaxmsmqetnxxpwxgoazpn/Build/Intermediates.noindex/want.build/Debug-iphonesimulator/want.build/DerivedSources/want-Swift.h /Users/igasakigouta/Library/Developer/Xcode/DerivedData/want-cjidcarkaxmsmqetnxxpwxgoazpn/Build/Intermediates.noindex/want.build/Debug-iphonesimulator/want.build/Objects-normal/arm64/want-Swift.h (in target 'want' from project 'want')
    cd /Users/igasakigouta/Desktop/完成APP/2025.0614/want
    builtin-swiftHeaderTool -arch arm64 /Users/igasakigouta/Library/Developer/Xcode/DerivedData/want-cjidcarkaxmsmqetnxxpwxgoazpn/Build/Intermediates.noindex/want.build/Debug-iphonesimulator/want.build/Objects-normal/arm64/want-Swift.h -o /Users/igasakigouta/Library/Developer/Xcode/DerivedData/want-cjidcarkaxmsmqetnxxpwxgoazpn/Build/Intermediates.noindex/want.build/Debug-iphonesimulator/want.build/DerivedSources/want-Swift.h

SwiftDriverJobDiscovery normal arm64 Compiling ChatMessage.swift, AIInstructionsView.swift, EnhancedLocalResponseGenerator.swift, Calendar+Extensions.swift (in target 'want' from project 'want')

Copy /Users/igasakigouta/Library/Developer/Xcode/DerivedData/want-cjidcarkaxmsmqetnxxpwxgoazpn/Build/Products/Debug-iphonesimulator/want.swiftmodule/arm64-apple-ios-simulator.swiftmodule /Users/igasakigouta/Library/Developer/Xcode/DerivedData/want-cjidcarkaxmsmqetnxxpwxgoazpn/Build/Intermediates.noindex/want.build/Debug-iphonesimulator/want.build/Objects-normal/arm64/want.swiftmodule (in target 'want' from project 'want')
    cd /Users/igasakigouta/Desktop/完成APP/2025.0614/want
    builtin-copy -exclude .DS_Store -exclude CVS -exclude .svn -exclude .git -exclude .hg -resolve-src-symlinks -rename /Users/igasakigouta/Library/Developer/Xcode/DerivedData/want-cjidcarkaxmsmqetnxxpwxgoazpn/Build/Intermediates.noindex/want.build/Debug-iphonesimulator/want.build/Objects-normal/arm64/want.swiftmodule /Users/igasakigouta/Library/Developer/Xcode/DerivedData/want-cjidcarkaxmsmqetnxxpwxgoazpn/Build/Products/Debug-iphonesimulator/want.swiftmodule/arm64-apple-ios-simulator.swiftmodule

Copy /Users/igasakigouta/Library/Developer/Xcode/DerivedData/want-cjidcarkaxmsmqetnxxpwxgoazpn/Build/Products/Debug-iphonesimulator/want.swiftmodule/arm64-apple-ios-simulator.swiftdoc /Users/igasakigouta/Library/Developer/Xcode/DerivedData/want-cjidcarkaxmsmqetnxxpwxgoazpn/Build/Intermediates.noindex/want.build/Debug-iphonesimulator/want.build/Objects-normal/arm64/want.swiftdoc (in target 'want' from project 'want')
    cd /Users/igasakigouta/Desktop/完成APP/2025.0614/want
    builtin-copy -exclude .DS_Store -exclude CVS -exclude .svn -exclude .git -exclude .hg -resolve-src-symlinks -rename /Users/igasakigouta/Library/Developer/Xcode/DerivedData/want-cjidcarkaxmsmqetnxxpwxgoazpn/Build/Intermediates.noindex/want.build/Debug-iphonesimulator/want.build/Objects-normal/arm64/want.swiftdoc /Users/igasakigouta/Library/Developer/Xcode/DerivedData/want-cjidcarkaxmsmqetnxxpwxgoazpn/Build/Products/Debug-iphonesimulator/want.swiftmodule/arm64-apple-ios-simulator.swiftdoc

Copy /Users/igasakigouta/Library/Developer/Xcode/DerivedData/want-cjidcarkaxmsmqetnxxpwxgoazpn/Build/Products/Debug-iphonesimulator/want.swiftmodule/arm64-apple-ios-simulator.abi.json /Users/igasakigouta/Library/Developer/Xcode/DerivedData/want-cjidcarkaxmsmqetnxxpwxgoazpn/Build/Intermediates.noindex/want.build/Debug-iphonesimulator/want.build/Objects-normal/arm64/want.abi.json (in target 'want' from project 'want')
    cd /Users/igasakigouta/Desktop/完成APP/2025.0614/want
    builtin-copy -exclude .DS_Store -exclude CVS -exclude .svn -exclude .git -exclude .hg -resolve-src-symlinks -rename /Users/igasakigouta/Library/Developer/Xcode/DerivedData/want-cjidcarkaxmsmqetnxxpwxgoazpn/Build/Intermediates.noindex/want.build/Debug-iphonesimulator/want.build/Objects-normal/arm64/want.abi.json /Users/igasakigouta/Library/Developer/Xcode/DerivedData/want-cjidcarkaxmsmqetnxxpwxgoazpn/Build/Products/Debug-iphonesimulator/want.swiftmodule/arm64-apple-ios-simulator.abi.json

Copy /Users/igasakigouta/Library/Developer/Xcode/DerivedData/want-cjidcarkaxmsmqetnxxpwxgoazpn/Build/Products/Debug-iphonesimulator/want.swiftmodule/Project/arm64-apple-ios-simulator.swiftsourceinfo /Users/igasakigouta/Library/Developer/Xcode/DerivedData/want-cjidcarkaxmsmqetnxxpwxgoazpn/Build/Intermediates.noindex/want.build/Debug-iphonesimulator/want.build/Objects-normal/arm64/want.swiftsourceinfo (in target 'want' from project 'want')
    cd /Users/igasakigouta/Desktop/完成APP/2025.0614/want
    builtin-copy -exclude .DS_Store -exclude CVS -exclude .svn -exclude .git -exclude .hg -resolve-src-symlinks -rename /Users/igasakigouta/Library/Developer/Xcode/DerivedData/want-cjidcarkaxmsmqetnxxpwxgoazpn/Build/Intermediates.noindex/want.build/Debug-iphonesimulator/want.build/Objects-normal/arm64/want.swiftsourceinfo /Users/igasakigouta/Library/Developer/Xcode/DerivedData/want-cjidcarkaxmsmqetnxxpwxgoazpn/Build/Products/Debug-iphonesimulator/want.swiftmodule/Project/arm64-apple-ios-simulator.swiftsourceinfo

SwiftDriverJobDiscovery normal arm64 Compiling ContentView.swift, ImageManager.swift, PersonaManager.swift, AISettingsView.swift (in target 'want' from project 'want')

SwiftDriverJobDiscovery normal arm64 Compiling PersonaCustomization.swift, PersonaListView.swift, LocalResponseService.swift, EmotionResponder.swift (in target 'want' from project 'want')

SwiftDriverJobDiscovery normal arm64 Compiling ChatViewModel.swift, PersonaLoader.swift, SettingsView.swift, ChatView.swift (in target 'want' from project 'want')

SwiftDriverJobDiscovery normal arm64 Compiling ChatRoom.swift, EmotionPickerView.swift, GeneratedAssetSymbols.swift (in target 'want' from project 'want')

SwiftDriverJobDiscovery normal arm64 Compiling EmotionTrigger.swift, UserPersona.swift, AIConfigManager.swift, ChatRoomListView.swift (in target 'want' from project 'want')

SwiftDriverJobDiscovery normal arm64 Compiling wantApp.swift, MemoryKeyword.swift, APIKeyInputView.swift, FileImportView.swift (in target 'want' from project 'want')

SwiftDriverJobDiscovery normal arm64 Compiling AIChatService.swift, ChatBubble.swift, ImagePickerView.swift, DebugPersistenceView.swift (in target 'want' from project 'want')

SwiftDriverJobDiscovery normal arm64 Compiling SetupPersonaView.swift, SimpleAPIKeyInputView.swift, LineMessage.swift, GeminiAPIService.swift (in target 'want' from project 'want')

SwiftDriver\ Compilation want normal arm64 com.apple.xcode.tools.swift.compiler (in target 'want' from project 'want')
    cd /Users/igasakigouta/Desktop/完成APP/2025.0614/want
    builtin-Swift-Compilation -- /Applications/Xcode.app/Contents/Developer/Toolchains/XcodeDefault.xctoolchain/usr/bin/swiftc -module-name want -Onone -enforce-exclusivity\=checked @/Users/igasakigouta/Library/Developer/Xcode/DerivedData/want-cjidcarkaxmsmqetnxxpwxgoazpn/Build/Intermediates.noindex/want.build/Debug-iphonesimulator/want.build/Objects-normal/arm64/want.SwiftFileList -DDEBUG -enable-bare-slash-regex -enable-experimental-feature DebugDescriptionMacro -sdk /Applications/Xcode.app/Contents/Developer/Platforms/iPhoneSimulator.platform/Developer/SDKs/iPhoneSimulator18.5.sdk -target arm64-apple-ios18.5-simulator -g -module-cache-path /Users/igasakigouta/Library/Developer/Xcode/DerivedData/ModuleCache.noindex -Xfrontend -serialize-debugging-options -profile-coverage-mapping -profile-generate -enable-testing -index-store-path /Users/igasakigouta/Library/Developer/Xcode/DerivedData/want-cjidcarkaxmsmqetnxxpwxgoazpn/Index.noindex/DataStore -swift-version 5 -I /Users/igasakigouta/Library/Developer/Xcode/DerivedData/want-cjidcarkaxmsmqetnxxpwxgoazpn/Build/Products/Debug-iphonesimulator -F /Users/igasakigouta/Library/Developer/Xcode/DerivedData/want-cjidcarkaxmsmqetnxxpwxgoazpn/Build/Products/Debug-iphonesimulator -emit-localized-strings -emit-localized-strings-path /Users/igasakigouta/Library/Developer/Xcode/DerivedData/want-cjidcarkaxmsmqetnxxpwxgoazpn/Build/Intermediates.noindex/want.build/Debug-iphonesimulator/want.build/Objects-normal/arm64 -c -j10 -enable-batch-mode -incremental -Xcc -ivfsstatcache -Xcc /Users/igasakigouta/Library/Developer/Xcode/DerivedData/SDKStatCaches.noindex/iphonesimulator18.5-22F76-d5fc8ad4295d2ef488fb7d0f804ce0c4.sdkstatcache -output-file-map /Users/igasakigouta/Library/Developer/Xcode/DerivedData/want-cjidcarkaxmsmqetnxxpwxgoazpn/Build/Intermediates.noindex/want.build/Debug-iphonesimulator/want.build/Objects-normal/arm64/want-OutputFileMap.json -use-frontend-parseable-output -save-temps -no-color-diagnostics -serialize-diagnostics -emit-dependencies -emit-module -emit-module-path /Users/igasakigouta/Library/Developer/Xcode/DerivedData/want-cjidcarkaxmsmqetnxxpwxgoazpn/Build/Intermediates.noindex/want.build/Debug-iphonesimulator/want.build/Objects-normal/arm64/want.swiftmodule -validate-clang-modules-once -clang-build-session-file /Users/igasakigouta/Library/Developer/Xcode/DerivedData/ModuleCache.noindex/Session.modulevalidation -Xcc -I/Users/igasakigouta/Library/Developer/Xcode/DerivedData/want-cjidcarkaxmsmqetnxxpwxgoazpn/Build/Intermediates.noindex/want.build/Debug-iphonesimulator/want.build/swift-overrides.hmap -emit-const-values -Xfrontend -const-gather-protocols-file -Xfrontend /Users/igasakigouta/Library/Developer/Xcode/DerivedData/want-cjidcarkaxmsmqetnxxpwxgoazpn/Build/Intermediates.noindex/want.build/Debug-iphonesimulator/want.build/Objects-normal/arm64/want_const_extract_protocols.json -Xcc -iquote -Xcc /Users/igasakigouta/Library/Developer/Xcode/DerivedData/want-cjidcarkaxmsmqetnxxpwxgoazpn/Build/Intermediates.noindex/want.build/Debug-iphonesimulator/want.build/want-generated-files.hmap -Xcc -I/Users/igasakigouta/Library/Developer/Xcode/DerivedData/want-cjidcarkaxmsmqetnxxpwxgoazpn/Build/Intermediates.noindex/want.build/Debug-iphonesimulator/want.build/want-own-target-headers.hmap -Xcc -I/Users/igasakigouta/Library/Developer/Xcode/DerivedData/want-cjidcarkaxmsmqetnxxpwxgoazpn/Build/Intermediates.noindex/want.build/Debug-iphonesimulator/want.build/want-all-target-headers.hmap -Xcc -iquote -Xcc /Users/igasakigouta/Library/Developer/Xcode/DerivedData/want-cjidcarkaxmsmqetnxxpwxgoazpn/Build/Intermediates.noindex/want.build/Debug-iphonesimulator/want.build/want-project-headers.hmap -Xcc -I/Users/igasakigouta/Library/Developer/Xcode/DerivedData/want-cjidcarkaxmsmqetnxxpwxgoazpn/Build/Products/Debug-iphonesimulator/include -Xcc -I/Users/igasakigouta/Library/Developer/Xcode/DerivedData/want-cjidcarkaxmsmqetnxxpwxgoazpn/Build/Intermediates.noindex/want.build/Debug-iphonesimulator/want.build/DerivedSources-normal/arm64 -Xcc -I/Users/igasakigouta/Library/Developer/Xcode/DerivedData/want-cjidcarkaxmsmqetnxxpwxgoazpn/Build/Intermediates.noindex/want.build/Debug-iphonesimulator/want.build/DerivedSources/arm64 -Xcc -I/Users/igasakigouta/Library/Developer/Xcode/DerivedData/want-cjidcarkaxmsmqetnxxpwxgoazpn/Build/Intermediates.noindex/want.build/Debug-iphonesimulator/want.build/DerivedSources -Xcc -DDEBUG\=1 -emit-objc-header -emit-objc-header-path /Users/igasakigouta/Library/Developer/Xcode/DerivedData/want-cjidcarkaxmsmqetnxxpwxgoazpn/Build/Intermediates.noindex/want.build/Debug-iphonesimulator/want.build/Objects-normal/arm64/want-Swift.h -working-directory /Users/igasakigouta/Desktop/完成APP/2025.0614/want -experimental-emit-module-separately -disable-cmo

Ld /Users/igasakigouta/Library/Developer/Xcode/DerivedData/want-cjidcarkaxmsmqetnxxpwxgoazpn/Build/Products/Debug-iphonesimulator/want.app/want.debug.dylib normal (in target 'want' from project 'want')
    cd /Users/igasakigouta/Desktop/完成APP/2025.0614/want
    /Applications/Xcode.app/Contents/Developer/Toolchains/XcodeDefault.xctoolchain/usr/bin/clang -Xlinker -reproducible -target arm64-apple-ios18.5-simulator -dynamiclib -isysroot /Applications/Xcode.app/Contents/Developer/Platforms/iPhoneSimulator.platform/Developer/SDKs/iPhoneSimulator18.5.sdk -O0 -L/Users/igasakigouta/Library/Developer/Xcode/DerivedData/want-cjidcarkaxmsmqetnxxpwxgoazpn/Build/Intermediates.noindex/EagerLinkingTBDs/Debug-iphonesimulator -L/Users/igasakigouta/Library/Developer/Xcode/DerivedData/want-cjidcarkaxmsmqetnxxpwxgoazpn/Build/Products/Debug-iphonesimulator -F/Users/igasakigouta/Library/Developer/Xcode/DerivedData/want-cjidcarkaxmsmqetnxxpwxgoazpn/Build/Intermediates.noindex/EagerLinkingTBDs/Debug-iphonesimulator -F/Users/igasakigouta/Library/Developer/Xcode/DerivedData/want-cjidcarkaxmsmqetnxxpwxgoazpn/Build/Products/Debug-iphonesimulator -filelist /Users/igasakigouta/Library/Developer/Xcode/DerivedData/want-cjidcarkaxmsmqetnxxpwxgoazpn/Build/Intermediates.noindex/want.build/Debug-iphonesimulator/want.build/Objects-normal/arm64/want.LinkFileList -install_name @rpath/want.debug.dylib -Xlinker -rpath -Xlinker @executable_path/Frameworks -dead_strip -Xlinker -object_path_lto -Xlinker /Users/igasakigouta/Library/Developer/Xcode/DerivedData/want-cjidcarkaxmsmqetnxxpwxgoazpn/Build/Intermediates.noindex/want.build/Debug-iphonesimulator/want.build/Objects-normal/arm64/want_lto.o -rdynamic -Xlinker -no_deduplicate -Xlinker -objc_abi_version -Xlinker 2 -Xlinker -debug_variant -Xlinker -dependency_info -Xlinker /Users/igasakigouta/Library/Developer/Xcode/DerivedData/want-cjidcarkaxmsmqetnxxpwxgoazpn/Build/Intermediates.noindex/want.build/Debug-iphonesimulator/want.build/Objects-normal/arm64/want_dependency_info.dat -fobjc-link-runtime -fprofile-instr-generate -L/Applications/Xcode.app/Contents/Developer/Toolchains/XcodeDefault.xctoolchain/usr/lib/swift/iphonesimulator -L/usr/lib/swift -Xlinker -add_ast_path -Xlinker /Users/igasakigouta/Library/Developer/Xcode/DerivedData/want-cjidcarkaxmsmqetnxxpwxgoazpn/Build/Intermediates.noindex/want.build/Debug-iphonesimulator/want.build/Objects-normal/arm64/want.swiftmodule -Xlinker -alias -Xlinker _main -Xlinker ___debug_main_executable_dylib_entry_point -Xlinker -no_adhoc_codesign -o /Users/igasakigouta/Library/Developer/Xcode/DerivedData/want-cjidcarkaxmsmqetnxxpwxgoazpn/Build/Products/Debug-iphonesimulator/want.app/want.debug.dylib

ConstructStubExecutorLinkFileList /Users/igasakigouta/Library/Developer/Xcode/DerivedData/want-cjidcarkaxmsmqetnxxpwxgoazpn/Build/Intermediates.noindex/want.build/Debug-iphonesimulator/want.build/want-ExecutorLinkFileList-normal-arm64.txt (in target 'want' from project 'want')
    cd /Users/igasakigouta/Desktop/完成APP/2025.0614/want
    construct-stub-executor-link-file-list /Users/igasakigouta/Library/Developer/Xcode/DerivedData/want-cjidcarkaxmsmqetnxxpwxgoazpn/Build/Products/Debug-iphonesimulator/want.app/want.debug.dylib /Applications/Xcode.app/Contents/Developer/Platforms/iPhoneSimulator.platform/Developer/usr/lib/libPreviewsJITStubExecutor_no_swift_entry_point.a /Applications/Xcode.app/Contents/Developer/Platforms/iPhoneSimulator.platform/Developer/usr/lib/libPreviewsJITStubExecutor.a --output /Users/igasakigouta/Library/Developer/Xcode/DerivedData/want-cjidcarkaxmsmqetnxxpwxgoazpn/Build/Intermediates.noindex/want.build/Debug-iphonesimulator/want.build/want-ExecutorLinkFileList-normal-arm64.txt
note: Using stub executor library with Swift entry point. (in target 'want' from project 'want')

Ld /Users/igasakigouta/Library/Developer/Xcode/DerivedData/want-cjidcarkaxmsmqetnxxpwxgoazpn/Build/Products/Debug-iphonesimulator/want.app/want normal (in target 'want' from project 'want')
    cd /Users/igasakigouta/Desktop/完成APP/2025.0614/want
    /Applications/Xcode.app/Contents/Developer/Toolchains/XcodeDefault.xctoolchain/usr/bin/clang -Xlinker -reproducible -target arm64-apple-ios18.5-simulator -isysroot /Applications/Xcode.app/Contents/Developer/Platforms/iPhoneSimulator.platform/Developer/SDKs/iPhoneSimulator18.5.sdk -O0 -L/Users/igasakigouta/Library/Developer/Xcode/DerivedData/want-cjidcarkaxmsmqetnxxpwxgoazpn/Build/Products/Debug-iphonesimulator -F/Users/igasakigouta/Library/Developer/Xcode/DerivedData/want-cjidcarkaxmsmqetnxxpwxgoazpn/Build/Products/Debug-iphonesimulator -Xlinker -rpath -Xlinker @executable_path -Xlinker -rpath -Xlinker @executable_path/Frameworks -rdynamic -Xlinker -no_deduplicate -Xlinker -objc_abi_version -Xlinker 2 -Xlinker -debug_variant -e ___debug_blank_executor_main -Xlinker -sectcreate -Xlinker __TEXT -Xlinker __debug_dylib -Xlinker /Users/igasakigouta/Library/Developer/Xcode/DerivedData/want-cjidcarkaxmsmqetnxxpwxgoazpn/Build/Intermediates.noindex/want.build/Debug-iphonesimulator/want.build/want-DebugDylibPath-normal-arm64.txt -Xlinker -sectcreate -Xlinker __TEXT -Xlinker __debug_instlnm -Xlinker /Users/igasakigouta/Library/Developer/Xcode/DerivedData/want-cjidcarkaxmsmqetnxxpwxgoazpn/Build/Intermediates.noindex/want.build/Debug-iphonesimulator/want.build/want-DebugDylibInstallName-normal-arm64.txt -Xlinker -filelist -Xlinker /Users/igasakigouta/Library/Developer/Xcode/DerivedData/want-cjidcarkaxmsmqetnxxpwxgoazpn/Build/Intermediates.noindex/want.build/Debug-iphonesimulator/want.build/want-ExecutorLinkFileList-normal-arm64.txt -Xlinker -sectcreate -Xlinker __TEXT -Xlinker __entitlements -Xlinker /Users/igasakigouta/Library/Developer/Xcode/DerivedData/want-cjidcarkaxmsmqetnxxpwxgoazpn/Build/Intermediates.noindex/want.build/Debug-iphonesimulator/want.build/want.app-Simulated.xcent -Xlinker -sectcreate -Xlinker __TEXT -Xlinker __ents_der -Xlinker /Users/igasakigouta/Library/Developer/Xcode/DerivedData/want-cjidcarkaxmsmqetnxxpwxgoazpn/Build/Intermediates.noindex/want.build/Debug-iphonesimulator/want.build/want.app-Simulated.xcent.der /Users/igasakigouta/Library/Developer/Xcode/DerivedData/want-cjidcarkaxmsmqetnxxpwxgoazpn/Build/Products/Debug-iphonesimulator/want.app/want.debug.dylib -Xlinker -no_adhoc_codesign -o /Users/igasakigouta/Library/Developer/Xcode/DerivedData/want-cjidcarkaxmsmqetnxxpwxgoazpn/Build/Products/Debug-iphonesimulator/want.app/want

LinkAssetCatalog /Users/igasakigouta/Desktop/完成APP/2025.0614/want/want/Assets.xcassets (in target 'want' from project 'want')
    cd /Users/igasakigouta/Desktop/完成APP/2025.0614/want
    builtin-linkAssetCatalog --thinned /Users/igasakigouta/Library/Developer/Xcode/DerivedData/want-cjidcarkaxmsmqetnxxpwxgoazpn/Build/Intermediates.noindex/want.build/Debug-iphonesimulator/want.build/assetcatalog_output/thinned --thinned-dependencies /Users/igasakigouta/Library/Developer/Xcode/DerivedData/want-cjidcarkaxmsmqetnxxpwxgoazpn/Build/Intermediates.noindex/want.build/Debug-iphonesimulator/want.build/assetcatalog_dependencies_thinned --thinned-info-plist-content /Users/igasakigouta/Library/Developer/Xcode/DerivedData/want-cjidcarkaxmsmqetnxxpwxgoazpn/Build/Intermediates.noindex/want.build/Debug-iphonesimulator/want.build/assetcatalog_generated_info.plist_thinned --unthinned /Users/igasakigouta/Library/Developer/Xcode/DerivedData/want-cjidcarkaxmsmqetnxxpwxgoazpn/Build/Intermediates.noindex/want.build/Debug-iphonesimulator/want.build/assetcatalog_output/unthinned --unthinned-dependencies /Users/igasakigouta/Library/Developer/Xcode/DerivedData/want-cjidcarkaxmsmqetnxxpwxgoazpn/Build/Intermediates.noindex/want.build/Debug-iphonesimulator/want.build/assetcatalog_dependencies_unthinned --unthinned-info-plist-content /Users/igasakigouta/Library/Developer/Xcode/DerivedData/want-cjidcarkaxmsmqetnxxpwxgoazpn/Build/Intermediates.noindex/want.build/Debug-iphonesimulator/want.build/assetcatalog_generated_info.plist_unthinned --output /Users/igasakigouta/Library/Developer/Xcode/DerivedData/want-cjidcarkaxmsmqetnxxpwxgoazpn/Build/Products/Debug-iphonesimulator/want.app --plist-output /Users/igasakigouta/Library/Developer/Xcode/DerivedData/want-cjidcarkaxmsmqetnxxpwxgoazpn/Build/Intermediates.noindex/want.build/Debug-iphonesimulator/want.build/assetcatalog_generated_info.plist
note: Emplaced /Users/igasakigouta/Library/Developer/Xcode/DerivedData/want-cjidcarkaxmsmqetnxxpwxgoazpn/Build/Products/Debug-iphonesimulator/want.app/AppIcon60x60@2x.png (in target 'want' from project 'want')
note: Emplaced /Users/igasakigouta/Library/Developer/Xcode/DerivedData/want-cjidcarkaxmsmqetnxxpwxgoazpn/Build/Products/Debug-iphonesimulator/want.app/Assets.car (in target 'want' from project 'want')
note: Emplaced /Users/igasakigouta/Library/Developer/Xcode/DerivedData/want-cjidcarkaxmsmqetnxxpwxgoazpn/Build/Products/Debug-iphonesimulator/want.app/AppIcon76x76@2x~ipad.png (in target 'want' from project 'want')

ProcessInfoPlistFile /Users/igasakigouta/Library/Developer/Xcode/DerivedData/want-cjidcarkaxmsmqetnxxpwxgoazpn/Build/Products/Debug-iphonesimulator/want.app/Info.plist /Users/igasakigouta/Library/Developer/Xcode/DerivedData/want-cjidcarkaxmsmqetnxxpwxgoazpn/Build/Intermediates.noindex/want.build/Debug-iphonesimulator/want.build/empty-want.plist (in target 'want' from project 'want')
    cd /Users/igasakigouta/Desktop/完成APP/2025.0614/want
    builtin-infoPlistUtility /Users/igasakigouta/Library/Developer/Xcode/DerivedData/want-cjidcarkaxmsmqetnxxpwxgoazpn/Build/Intermediates.noindex/want.build/Debug-iphonesimulator/want.build/empty-want.plist -producttype com.apple.product-type.application -genpkginfo /Users/igasakigouta/Library/Developer/Xcode/DerivedData/want-cjidcarkaxmsmqetnxxpwxgoazpn/Build/Products/Debug-iphonesimulator/want.app/PkgInfo -expandbuildsettings -format binary -platform iphonesimulator -additionalcontentfile /Users/igasakigouta/Library/Developer/Xcode/DerivedData/want-cjidcarkaxmsmqetnxxpwxgoazpn/Build/Intermediates.noindex/want.build/Debug-iphonesimulator/want.build/assetcatalog_generated_info.plist -o /Users/igasakigouta/Library/Developer/Xcode/DerivedData/want-cjidcarkaxmsmqetnxxpwxgoazpn/Build/Products/Debug-iphonesimulator/want.app/Info.plist

CopySwiftLibs /Users/igasakigouta/Library/Developer/Xcode/DerivedData/want-cjidcarkaxmsmqetnxxpwxgoazpn/Build/Products/Debug-iphonesimulator/want.app (in target 'want' from project 'want')
    cd /Users/igasakigouta/Desktop/完成APP/2025.0614/want
    builtin-swiftStdLibTool --copy --verbose --sign - --scan-executable /Users/igasakigouta/Library/Developer/Xcode/DerivedData/want-cjidcarkaxmsmqetnxxpwxgoazpn/Build/Products/Debug-iphonesimulator/want.app/want.debug.dylib --scan-folder /Users/igasakigouta/Library/Developer/Xcode/DerivedData/want-cjidcarkaxmsmqetnxxpwxgoazpn/Build/Products/Debug-iphonesimulator/want.app/Frameworks --scan-folder /Users/igasakigouta/Library/Developer/Xcode/DerivedData/want-cjidcarkaxmsmqetnxxpwxgoazpn/Build/Products/Debug-iphonesimulator/want.app/PlugIns --scan-folder /Users/igasakigouta/Library/Developer/Xcode/DerivedData/want-cjidcarkaxmsmqetnxxpwxgoazpn/Build/Products/Debug-iphonesimulator/want.app/SystemExtensions --scan-folder /Users/igasakigouta/Library/Developer/Xcode/DerivedData/want-cjidcarkaxmsmqetnxxpwxgoazpn/Build/Products/Debug-iphonesimulator/want.app/Extensions --platform iphonesimulator --toolchain /Applications/Xcode.app/Contents/Developer/Toolchains/XcodeDefault.xctoolchain --destination /Users/igasakigouta/Library/Developer/Xcode/DerivedData/want-cjidcarkaxmsmqetnxxpwxgoazpn/Build/Products/Debug-iphonesimulator/want.app/Frameworks --strip-bitcode --strip-bitcode-tool /Applications/Xcode.app/Contents/Developer/Toolchains/XcodeDefault.xctoolchain/usr/bin/bitcode_strip --emit-dependency-info /Users/igasakigouta/Library/Developer/Xcode/DerivedData/want-cjidcarkaxmsmqetnxxpwxgoazpn/Build/Intermediates.noindex/want.build/Debug-iphonesimulator/want.build/SwiftStdLibToolInputDependencies.dep --filter-for-swift-os

ExtractAppIntentsMetadata (in target 'want' from project 'want')
    cd /Users/igasakigouta/Desktop/完成APP/2025.0614/want
    /Applications/Xcode.app/Contents/Developer/Toolchains/XcodeDefault.xctoolchain/usr/bin/appintentsmetadataprocessor --toolchain-dir /Applications/Xcode.app/Contents/Developer/Toolchains/XcodeDefault.xctoolchain --module-name want --sdk-root /Applications/Xcode.app/Contents/Developer/Platforms/iPhoneSimulator.platform/Developer/SDKs/iPhoneSimulator18.5.sdk --xcode-version 16F6 --platform-family iOS --deployment-target 18.5 --bundle-identifier igafactory.want --output /Users/igasakigouta/Library/Developer/Xcode/DerivedData/want-cjidcarkaxmsmqetnxxpwxgoazpn/Build/Products/Debug-iphonesimulator/want.app --target-triple arm64-apple-ios18.5-simulator --binary-file /Users/igasakigouta/Library/Developer/Xcode/DerivedData/want-cjidcarkaxmsmqetnxxpwxgoazpn/Build/Products/Debug-iphonesimulator/want.app/want --dependency-file /Users/igasakigouta/Library/Developer/Xcode/DerivedData/want-cjidcarkaxmsmqetnxxpwxgoazpn/Build/Intermediates.noindex/want.build/Debug-iphonesimulator/want.build/Objects-normal/arm64/want_dependency_info.dat --stringsdata-file /Users/igasakigouta/Library/Developer/Xcode/DerivedData/want-cjidcarkaxmsmqetnxxpwxgoazpn/Build/Intermediates.noindex/want.build/Debug-iphonesimulator/want.build/Objects-normal/arm64/ExtractedAppShortcutsMetadata.stringsdata --source-file-list /Users/igasakigouta/Library/Developer/Xcode/DerivedData/want-cjidcarkaxmsmqetnxxpwxgoazpn/Build/Intermediates.noindex/want.build/Debug-iphonesimulator/want.build/Objects-normal/arm64/want.SwiftFileList --metadata-file-list /Users/igasakigouta/Library/Developer/Xcode/DerivedData/want-cjidcarkaxmsmqetnxxpwxgoazpn/Build/Intermediates.noindex/want.build/Debug-iphonesimulator/want.build/want.DependencyMetadataFileList --static-metadata-file-list /Users/igasakigouta/Library/Developer/Xcode/DerivedData/want-cjidcarkaxmsmqetnxxpwxgoazpn/Build/Intermediates.noindex/want.build/Debug-iphonesimulator/want.build/want.DependencyStaticMetadataFileList --swift-const-vals-list /Users/igasakigouta/Library/Developer/Xcode/DerivedData/want-cjidcarkaxmsmqetnxxpwxgoazpn/Build/Intermediates.noindex/want.build/Debug-iphonesimulator/want.build/Objects-normal/arm64/want.SwiftConstValuesFileList --compile-time-extraction --deployment-aware-processing --validate-assistant-intents --no-app-shortcuts-localization
2025-06-20 00:23:37.326 appintentsmetadataprocessor[7072:253179] Starting appintentsmetadataprocessor export
2025-06-20 00:23:37.327 appintentsmetadataprocessor[7072:253179] warning: Metadata extraction skipped. No AppIntents.framework dependency found.

AppIntentsSSUTraining (in target 'want' from project 'want')
    cd /Users/igasakigouta/Desktop/完成APP/2025.0614/want
    /Applications/Xcode.app/Contents/Developer/Toolchains/XcodeDefault.xctoolchain/usr/bin/appintentsnltrainingprocessor --infoplist-path /Users/igasakigouta/Library/Developer/Xcode/DerivedData/want-cjidcarkaxmsmqetnxxpwxgoazpn/Build/Products/Debug-iphonesimulator/want.app/Info.plist --temp-dir-path /Users/igasakigouta/Library/Developer/Xcode/DerivedData/want-cjidcarkaxmsmqetnxxpwxgoazpn/Build/Intermediates.noindex/want.build/Debug-iphonesimulator/want.build/ssu --bundle-id igafactory.want --product-path /Users/igasakigouta/Library/Developer/Xcode/DerivedData/want-cjidcarkaxmsmqetnxxpwxgoazpn/Build/Products/Debug-iphonesimulator/want.app --extracted-metadata-path /Users/igasakigouta/Library/Developer/Xcode/DerivedData/want-cjidcarkaxmsmqetnxxpwxgoazpn/Build/Products/Debug-iphonesimulator/want.app/Metadata.appintents --metadata-file-list /Users/igasakigouta/Library/Developer/Xcode/DerivedData/want-cjidcarkaxmsmqetnxxpwxgoazpn/Build/Intermediates.noindex/want.build/Debug-iphonesimulator/want.build/want.DependencyMetadataFileList --archive-ssu-assets
2025-06-20 00:23:37.337 appintentsnltrainingprocessor[7073:253180] Parsing options for appintentsnltrainingprocessor
2025-06-20 00:23:37.338 appintentsnltrainingprocessor[7073:253180] No AppShortcuts found - Skipping.

CodeSign /Users/igasakigouta/Library/Developer/Xcode/DerivedData/want-cjidcarkaxmsmqetnxxpwxgoazpn/Build/Products/Debug-iphonesimulator/want.app/want.debug.dylib (in target 'want' from project 'want')
    cd /Users/igasakigouta/Desktop/完成APP/2025.0614/want
    
    Signing Identity:     "Sign to Run Locally"
    
    /usr/bin/codesign --force --sign - --timestamp\=none --generate-entitlement-der /Users/igasakigouta/Library/Developer/Xcode/DerivedData/want-cjidcarkaxmsmqetnxxpwxgoazpn/Build/Products/Debug-iphonesimulator/want.app/want.debug.dylib

CodeSign /Users/igasakigouta/Library/Developer/Xcode/DerivedData/want-cjidcarkaxmsmqetnxxpwxgoazpn/Build/Products/Debug-iphonesimulator/want.app/__preview.dylib (in target 'want' from project 'want')
    cd /Users/igasakigouta/Desktop/完成APP/2025.0614/want
    
    Signing Identity:     "Sign to Run Locally"
    
    /usr/bin/codesign --force --sign - --timestamp\=none --generate-entitlement-der /Users/igasakigouta/Library/Developer/Xcode/DerivedData/want-cjidcarkaxmsmqetnxxpwxgoazpn/Build/Products/Debug-iphonesimulator/want.app/__preview.dylib

CodeSign /Users/igasakigouta/Library/Developer/Xcode/DerivedData/want-cjidcarkaxmsmqetnxxpwxgoazpn/Build/Products/Debug-iphonesimulator/want.app (in target 'want' from project 'want')
    cd /Users/igasakigouta/Desktop/完成APP/2025.0614/want
    
    Signing Identity:     "Sign to Run Locally"
    
    /usr/bin/codesign --force --sign - --timestamp\=none --generate-entitlement-der /Users/igasakigouta/Library/Developer/Xcode/DerivedData/want-cjidcarkaxmsmqetnxxpwxgoazpn/Build/Products/Debug-iphonesimulator/want.app

RegisterExecutionPolicyException /Users/igasakigouta/Library/Developer/Xcode/DerivedData/want-cjidcarkaxmsmqetnxxpwxgoazpn/Build/Products/Debug-iphonesimulator/want.app (in target 'want' from project 'want')
    cd /Users/igasakigouta/Desktop/完成APP/2025.0614/want
    builtin-RegisterExecutionPolicyException /Users/igasakigouta/Library/Developer/Xcode/DerivedData/want-cjidcarkaxmsmqetnxxpwxgoazpn/Build/Products/Debug-iphonesimulator/want.app

Validate /Users/igasakigouta/Library/Developer/Xcode/DerivedData/want-cjidcarkaxmsmqetnxxpwxgoazpn/Build/Products/Debug-iphonesimulator/want.app (in target 'want' from project 'want')
    cd /Users/igasakigouta/Desktop/完成APP/2025.0614/want
    builtin-validationUtility /Users/igasakigouta/Library/Developer/Xcode/DerivedData/want-cjidcarkaxmsmqetnxxpwxgoazpn/Build/Products/Debug-iphonesimulator/want.app -infoplist-subpath Info.plist

Touch /Users/igasakigouta/Library/Developer/Xcode/DerivedData/want-cjidcarkaxmsmqetnxxpwxgoazpn/Build/Products/Debug-iphonesimulator/want.app (in target 'want' from project 'want')
    cd /Users/igasakigouta/Desktop/完成APP/2025.0614/want
    /usr/bin/touch -c /Users/igasakigouta/Library/Developer/Xcode/DerivedData/want-cjidcarkaxmsmqetnxxpwxgoazpn/Build/Products/Debug-iphonesimulator/want.app

** BUILD SUCCEEDED **

